<?xml version="1.0" encoding="UTF-8"?>
<!-- Generated by org.testng.reporters.JUnitXMLReporter -->
<testsuite ignored="0" hostname="DESKTOP-HSN9QIK" failures="0" tests="2" name="Default test" time="0.128" errors="0" timestamp="30 Dec 2021 20:28:39 GMT">
  <testcase classname="com.crm.organization.CreateOrganization" name="createOrganization" time="0.021"/>
  <testcase classname="com.crm.organization.CreateOrganization" name="updateOrganization" time="0.003"/>
</testsuite> <!-- Default test -->
