<?xml version="1.0" encoding="UTF-8"?>
<testng-results ignored="0" total="2" passed="2" failed="0" skipped="0">
  <reporter-output>
  </reporter-output>
  <suite started-at="2021-12-30T20:28:39Z" name="Default suite" finished-at="2021-12-30T20:28:39Z" duration-ms="128">
    <groups>
    </groups>
    <test started-at="2021-12-30T20:28:39Z" name="Default test" finished-at="2021-12-30T20:28:39Z" duration-ms="128">
      <class name="com.crm.organization.CreateOrganization">
        <test-method signature="createOrganization()[pri:0, instance:com.crm.organization.CreateOrganization@4d518b32]" started-at="2021-12-30T20:28:39Z" name="createOrganization" finished-at="2021-12-30T20:28:39Z" duration-ms="21" status="PASS">
          <reporter-output>
          </reporter-output>
        </test-method> <!-- createOrganization -->
        <test-method signature="updateOrganization()[pri:0, instance:com.crm.organization.CreateOrganization@4d518b32]" started-at="2021-12-30T20:28:39Z" name="updateOrganization" finished-at="2021-12-30T20:28:39Z" duration-ms="3" status="PASS">
          <reporter-output>
          </reporter-output>
        </test-method> <!-- updateOrganization -->
      </class> <!-- com.crm.organization.CreateOrganization -->
    </test> <!-- Default test -->
  </suite> <!-- Default suite -->
</testng-results>
